1 191
1 74
1 105
1 61
3 167
2 80
2 162
2 126
2 140
3 103
3 122
3 189
3 126
3 151
3 130
3 170
3 188
3 111
3 140
4 168
4 144
4 229
4 160
4 209
4 197
4 272
4 180
4 226
4 161
4 197
4 198
4 158
4 145
4 127
6 355
6 230
6 217
6 312
6 283
6 217
6 340
6 193
6 261
6 276
6 244
6 321
6 271
6 302
6 267
6 235
6 249
6 232
6 237
6 214
10 361
10 540
10 284
10 349
10 321
10 392
10 438
10 268
10 484
10 357
10 413
10 439
10 336
10 406
10 392
10 408
10 336
10 355
10 393
10 393
13 524
13 443
13 549
13 673
13 391
13 442
13 606
13 501
13 590
13 431
13 558
13 390
13 590
13 303
13 450
13 505
13 615
13 536
13 446
13 644
15 558
15 547
15 536
15 521
15 553
15 519
15 752
15 624
15 605
15 433
15 555
15 592
15 461
15 622
15 449
15 535
15 519
15 607
15 540
15 483
