1 5356
1 2016
1 2606
1 1053
3 4231
2 1974
2 3219
2 2819
2 3238
3 2380
3 2778
3 4250
3 2831
3 3259
3 3258
3 3634
3 4188
3 2368
3 3260
4 3674
4 3805
4 5020
4 3648
4 5015
4 4559
4 5867
4 4167
4 5020
4 3765
4 4639
4 4574
4 3676
4 3312
4 2792
6 8142
6 5452
6 5043
6 7180
6 6795
6 4977
6 7790
6 4660
6 5955
6 6470
6 6014
6 7377
6 6427
6 7310
6 6461
6 5552
6 6005
6 5554
6 5564
6 5092
10 8987
10 13367
10 6982
10 8484
10 7870
10 9215
10 10507
10 6595
10 11530
10 8808
10 10230
10 10568
10 8388
10 10178
10 9671
10 10191
10 8328
10 8768
10 10112
10 10097
13 12379
13 10705
13 12870
13 16938
13 9759
13 10745
13 14705
13 12074
13 14301
13 10224
13 13345
13 9379
13 14754
13 7435
13 11001
13 12429
13 15109
13 13311
13 11084
13 15930
15 13779
15 13900
15 13400
15 12996
15 13823
15 12867
15 18807
15 15640
15 17845
15 12462
15 16154
15 17389
15 13520
15 18511
15 13053
15 15916
15 15204
15 17904
15 15687
15 14015
