1 209
1 90
1 98
1 70
3 144
2 132
2 111
2 133
2 150
3 567
3 131
3 269
3 352
3 542
3 150
3 339
3 190
3 158
3 264
4 352
4 344
4 375
4 220
4 313
4 255
4 310
4 397
4 318
4 311
4 441
4 303
4 440
4 550
4 192
6 385
6 425
6 623
6 553
6 541
6 3400
6 378
6 472
6 805
6 397
6 492
6 405
6 549
6 403
6 500
6 1257
6 440
6 514
6 381
6 1245
10 1607
10 729
10 6861
10 1318
10 1936
10 1512
10 1064
10 3745
10 1380
10 1034
10 962
10 838
10 1961
10 1004
10 1075
10 840
10 1074
10 1571
10 804
10 1224
13 1350
13 1724
13 2222
13 1068
13 2266
13 3357
13 932
13 1153
13 1182
13 1453
13 1157
13 10551
13 1468
13 1684
13 1170
13 1402
13 1376
13 1274
13 1431
13 966
15 2396
15 1437
15 1643
15 2107
15 6435
15 2014
15 1152
15 3406
15 1351
15 4390
15 1831
15 1693
15 5274
15 1181
15 3536
15 1559
15 3233
15 1389
15 2003
15 2045
