1 4311
1 2768
1 1294
1 1767
2 2611
2 2157
2 2945
2 3008
2 2997
3 2536
3 3869
3 3425
3 2172
3 2158
3 2999
3 3398
3 2554
3 4289
3 2975
4 5138
4 3409
4 3444
4 4333
4 3830
4 3387
4 2994
4 3817
4 1733
4 5156
4 3412
4 4251
4 2577
4 5108
4 3428
6 3815
6 5181
6 8164
6 4208
6 4699
6 4663
6 5210
6 7620
6 5547
6 4698
6 5454
6 7694
6 4280
6 5607
6 5502
6 6457
6 5895
6 6881
6 8119
6 5940
10 8552
10 8922
10 10240
10 11148
10 6395
10 9780
10 7657
10 8937
10 7632
10 11442
10 8480
10 10632
10 8572
10 8545
10 10603
10 7147
10 9347
10 9395
10 9280
10 7587
13 13109
13 9420
13 11876
13 11553
13 10625
13 8951
13 10677
13 8491
13 10208
13 8834
13 11804
13 9369
13 11893
13 13222
13 12831
13 9753
13 10230
13 10681
13 13621
13 14826
15 10586
15 17811
15 14029
15 12722
15 12718
15 12778
15 13174
15 16615
15 12299
15 11916
15 12297
15 11044
15 11524
15 8558
15 13499
15 10624
15 11111
15 14063
15 11440
15 11072
30 27497
30 26270
30 26303
30 29379
30 21440
30 27632
60 51820
60 54010
60 54334
60 51749
60 57422
60 58651
60 51665
60 57783
60 48699
100 88202
100 91020
100 94890
100 84838
100 93855
