1 339
1 149
1 183
1 80
3 1395
2 1363
2 1088
2 987
2 861
3 5205
3 7013
3 8461
3 4055
3 10238
3 1828
3 8382
3 3691
3 3977
3 9114
4 22341
4 28867
4 44026
4 117390
4 45729
4 30404
4 51915
4 137991
4 73546
4 24747
4 56416
4 27945
4 22233
4 93998
4 28715
6 1810065
6 5042301
6 7907590
6 11524202
6 4334266
6 4981201
6 1269914
6 1613502
6 3000847
6 8119637
6 2306845
6 3430114
6 2441236
6 4339131
6 11895320
6 6643022
6 3427655
6 2862197
6 4051891
6 10013543
10 54483165331
10 44374760333
10 40193181498
10 18081812581
10 40509886524
10 41482140117
10 51826358016
10 56062791687
10 61932829671
10 66858541431
10 20116658110
10 60720566131
10 58227223447
10 55143369724
10 20640711239
10 39432418743
10 40031546167
10 23415811496
10 33359428977
10 18455032541
1
