0
1
2
3
4
5
6
7
8
9
10
11
12
13
14
15
16
17
18
19
20
21
22
23
24
25
26
27
28
29
30
31
32
33
34
35
36
37
38
39
40
41
42
43
44
45
46
47
48
49
50
51
52
53
54
55
56
57
58
59
60
61
62
63
64
65
66
67
68
69
70
71
72
73
74
75
76
77
78
79
80
81
82
83
84
85
86
87
88
89
90
91
92
93
94
95
96
97
98
99
0 10
0 13
0 17
0 41
0 43
0 47
0 49
0 54
0 67
0 78
0 92
0 93
1 19
1 68
1 74
1 79
1 82
1 91
1 98
2 8
2 16
2 19
2 51
2 70
2 81
2 85
2 90
3 12
3 32
3 44
3 52
3 57
3 69
3 73
3 75
3 80
3 83
4 26
4 34
4 45
4 66
4 67
5 7
5 14
5 22
5 40
5 47
5 49
5 52
5 57
5 59
5 94
5 96
5 98
6 14
6 30
6 34
6 38
6 46
6 51
6 54
6 77
6 90
7 5
7 12
7 16
7 27
7 36
7 42
7 49
7 65
7 71
7 87
7 94
8 2
8 9
8 11
8 20
8 35
8 38
8 42
8 45
8 68
9 8
9 11
9 16
9 26
9 27
9 54
9 65
9 67
9 76
9 89
10 0
10 13
10 21
10 23
10 24
10 41
10 43
10 51
11 8
11 9
11 20
11 37
11 52
11 54
11 66
11 69
11 95
11 97
12 3
12 7
12 13
12 19
12 24
12 50
12 60
12 63
12 65
12 82
12 94
12 96
12 97
13 0
13 10
13 12
13 25
13 39
13 52
13 54
13 71
13 88
13 96
14 5
14 6
14 16
14 30
14 31
14 42
14 47
14 49
14 55
14 56
14 60
14 69
14 89
15 16
15 21
15 37
15 44
15 50
15 57
15 68
15 74
15 76
15 82
15 94
15 98
15 99
16 2
16 7
16 9
16 14
16 15
16 35
16 41
16 49
16 52
16 65
16 70
16 83
16 90
17 0
17 20
17 28
17 44
17 60
17 77
18 31
18 33
18 35
18 42
18 97
19 1
19 2
19 12
19 83
19 88
19 91
19 92
19 98
20 8
20 11
20 17
20 23
20 38
20 48
20 56
20 68
20 83
21 10
21 15
21 36
21 38
21 44
21 53
21 63
21 65
21 85
22 5
22 23
22 31
22 92
23 10
23 20
23 22
23 27
23 30
23 52
23 53
23 70
23 79
23 84
23 93
23 96
24 10
24 12
24 40
24 47
24 66
24 71
24 76
24 81
24 84
24 94
24 98
25 13
25 36
25 37
25 42
25 48
25 65
25 86
25 93
25 96
25 97
25 98
26 4
26 9
26 34
26 38
26 41
26 49
26 66
26 97
27 7
27 9
27 23
27 38
27 43
27 48
27 53
27 64
27 71
27 74
27 75
27 85
27 86
27 91
27 95
28 17
28 42
28 47
28 53
28 56
28 60
28 69
28 83
28 85
29 50
29 66
29 72
29 75
29 83
30 6
30 14
30 23
31 14
31 18
31 22
31 41
31 51
31 58
31 62
31 68
31 73
31 85
32 3
32 41
32 42
32 46
32 66
32 70
32 72
32 73
32 82
33 18
33 38
33 57
33 68
33 96
34 4
34 6
34 26
34 44
34 45
34 53
34 67
35 8
35 16
35 18
35 37
35 51
35 61
35 76
35 83
35 85
36 7
36 21
36 25
36 43
36 46
36 60
36 80
36 84
36 90
36 99
37 11
37 15
37 25
37 35
37 46
37 48
37 61
37 66
37 71
37 79
37 81
37 83
37 93
38 6
38 8
38 20
38 21
38 26
38 27
38 33
38 46
38 47
38 50
38 51
38 55
38 58
38 60
38 62
38 68
38 81
38 93
39 13
39 44
39 87
39 97
40 5
40 24
40 43
40 48
40 60
40 69
40 97
40 98
41 0
41 10
41 16
41 26
41 31
41 32
41 59
41 65
41 68
41 70
41 83
41 84
41 94
42 7
42 8
42 14
42 18
42 25
42 28
42 32
42 57
42 83
42 88
43 0
43 10
43 27
43 36
43 40
43 46
43 51
43 59
43 70
43 82
43 88
43 89
43 92
44 3
44 15
44 17
44 21
44 34
44 39
44 51
44 58
44 59
44 72
44 74
44 86
44 97
45 4
45 8
45 34
45 49
45 51
45 53
45 62
45 69
45 75
45 78
45 98
46 6
46 32
46 36
46 37
46 38
46 43
46 52
46 53
46 75
46 80
46 93
46 94
46 96
47 0
47 5
47 14
47 24
47 28
47 38
47 50
47 71
47 76
47 95
48 20
48 25
48 27
48 37
48 40
48 49
48 51
48 56
48 62
48 71
48 86
48 87
48 89
49 0
49 5
49 7
49 14
49 16
49 26
49 45
49 48
49 53
49 57
49 74
49 76
49 86
49 98
50 12
50 15
50 29
50 38
50 47
50 65
50 82
50 83
50 90
51 2
51 6
51 10
51 31
51 35
51 38
51 43
51 44
51 45
51 48
51 53
51 58
51 66
51 67
51 71
51 72
52 3
52 5
52 11
52 13
52 16
52 23
52 46
52 53
52 54
52 76
52 77
52 80
52 84
52 88
52 93
52 96
53 21
53 23
53 27
53 28
53 34
53 45
53 46
53 49
53 51
53 52
53 67
53 70
54 0
54 6
54 9
54 11
54 13
54 52
54 57
54 91
55 14
55 38
55 58
55 81
55 89
55 95
56 14
56 20
56 28
56 48
56 65
56 81
56 85
57 3
57 5
57 15
57 33
57 42
57 49
57 54
57 64
57 69
57 71
57 73
57 87
57 97
58 31
58 38
58 44
58 51
58 55
58 65
58 75
58 84
58 86
58 92
58 93
59 5
59 41
59 43
59 44
59 61
59 72
59 75
59 83
59 84
59 94
59 95
59 99
60 12
60 14
60 17
60 28
60 36
60 38
60 40
60 62
60 81
60 91
61 35
61 37
61 59
61 63
61 66
62 31
62 38
62 45
62 48
62 60
62 68
62 76
62 80
62 84
62 86
62 94
63 12
63 21
63 61
63 64
63 66
63 75
63 80
63 88
63 89
63 95
63 99
64 27
64 57
64 63
64 73
64 79
65 7
65 9
65 12
65 16
65 21
65 25
65 41
65 50
65 56
65 58
65 69
65 70
65 83
65 88
66 4
66 11
66 24
66 26
66 29
66 32
66 37
66 51
66 61
66 63
66 68
66 69
66 75
66 83
66 86
66 90
67 0
67 4
67 9
67 34
67 51
67 53
67 68
67 83
67 90
67 93
67 99
68 1
68 8
68 15
68 20
68 31
68 33
68 38
68 41
68 62
68 66
68 67
68 70
68 82
69 3
69 11
69 14
69 28
69 40
69 45
69 57
69 65
69 66
69 70
69 73
69 75
69 76
69 79
69 81
69 83
69 99
70 2
70 16
70 23
70 32
70 41
70 43
70 53
70 65
70 68
70 69
70 80
70 82
71 7
71 13
71 24
71 27
71 37
71 47
71 48
71 51
71 57
71 74
71 86
71 87
72 29
72 32
72 44
72 51
72 59
72 73
72 75
72 77
72 94
73 3
73 31
73 32
73 57
73 64
73 69
73 72
74 1
74 15
74 27
74 44
74 49
74 71
74 78
74 86
74 88
74 93
74 95
75 3
75 27
75 29
75 45
75 46
75 58
75 59
75 63
75 66
75 69
75 72
75 87
76 9
76 15
76 24
76 35
76 47
76 49
76 52
76 62
76 69
76 77
76 87
76 91
77 6
77 17
77 52
77 72
77 76
77 78
77 93
78 0
78 45
78 74
78 77
78 92
79 1
79 23
79 37
79 64
79 69
79 85
79 94
80 3
80 36
80 46
80 52
80 62
80 63
80 70
80 93
81 2
81 24
81 37
81 38
81 55
81 56
81 60
81 69
81 84
81 89
81 92
82 1
82 12
82 15
82 32
82 43
82 50
82 68
82 70
82 83
83 3
83 16
83 19
83 20
83 28
83 29
83 35
83 37
83 41
83 42
83 50
83 59
83 65
83 66
83 67
83 69
83 82
84 23
84 24
84 36
84 41
84 52
84 58
84 59
84 62
84 81
85 2
85 21
85 27
85 28
85 31
85 35
85 56
85 79
85 86
86 25
86 27
86 44
86 48
86 49
86 58
86 62
86 66
86 71
86 74
86 85
86 89
86 97
87 7
87 39
87 48
87 57
87 71
87 75
87 76
88 13
88 19
88 42
88 43
88 52
88 63
88 65
88 74
88 99
89 9
89 14
89 43
89 48
89 55
89 63
89 81
89 86
90 2
90 6
90 16
90 36
90 50
90 66
90 67
90 91
91 1
91 19
91 27
91 54
91 60
91 76
91 90
92 0
92 19
92 22
92 43
92 58
92 78
92 81
93 0
93 23
93 25
93 37
93 38
93 46
93 52
93 58
93 67
93 74
93 77
93 80
94 5
94 7
94 12
94 15
94 24
94 41
94 46
94 59
94 62
94 72
94 79
94 95
95 11
95 27
95 47
95 55
95 59
95 63
95 74
95 94
95 98
96 5
96 12
96 13
96 23
96 25
96 33
96 46
96 52
96 98
97 11
97 12
97 18
97 25
97 26
97 39
97 40
97 44
97 57
97 86
98 1
98 5
98 15
98 19
98 24
98 25
98 40
98 45
98 49
98 95
98 96
99 15
99 36
99 59
99 63
99 67
99 69
99 88
