1 285
1 145
1 100
1 93
3 171
2 162
2 197
2 172
2 198
3 663
3 189
3 342
3 400
3 686
3 239
3 424
3 249
3 203
3 344
4 461
4 448
4 476
4 312
4 421
4 357
4 409
4 552
4 406
4 428
4 554
4 421
4 591
4 669
4 265
6 506
6 558
6 780
6 717
6 659
6 4974
6 482
6 652
6 1012
6 523
6 682
6 537
6 678
6 535
6 656
6 1555
6 583
6 659
6 473
6 1609
10 1973
10 896
10 8435
10 1615
10 2472
10 1895
10 1349
10 4552
10 1716
10 1235
10 1167
10 1185
10 2540
10 1351
10 1297
10 1030
10 1383
10 2037
10 1090
10 1558
13 1656
13 2183
13 2740
13 1364
13 2777
13 4156
13 1174
13 1465
13 1549
13 1824
13 1527
13 12755
13 1788
13 2041
13 1414
13 1756
13 1736
13 1613
13 1731
13 1258
15 3000
15 1885
15 1985
15 2743
15 8170
15 2475
15 1456
15 4272
15 1731
15 5562
15 2278
15 2196
15 6581
15 1502
15 4400
15 1903
15 4072
15 1746
15 2496
15 2603
